sending incremental file list
./
noarch/
noarch/release/
noarch/release/_autorebase/
noarch/release/_autorebase/_autorebase-001006-1.tar.xz
noarch/release/_autorebase/_autorebase-001007-1.tar.xz
noarch/release/adwaita-icon-theme/
noarch/release/adwaita-icon-theme/adwaita-icon-theme-3.22.0-1.tar.xz
noarch/release/adwaita-icon-theme/adwaita-icon-theme-3.26.1-1.tar.xz
noarch/release/autoconf/
noarch/release/autoconf/autoconf-13-1.tar.bz2
noarch/release/autoconf2.1/
noarch/release/autoconf2.1/autoconf2.1-2.13-12.tar.bz2
noarch/release/autoconf2.5/
noarch/release/autoconf2.5/autoconf2.5-2.69-3.tar.xz
noarch/release/automake/
noarch/release/automake/automake-10-1.tar.xz
noarch/release/automake/automake-9-1.tar.bz2
noarch/release/automake1.10/
noarch/release/automake1.10/automake1.10-1.10.3-2.tar.bz2
noarch/release/automake1.10/automake1.10-1.10.3-3.tar.xz
noarch/release/automake1.11/
noarch/release/automake1.11/automake1.11-1.11.6-2.tar.bz2
noarch/release/automake1.11/automake1.11-1.11.6-3.tar.xz
noarch/release/automake1.12/
noarch/release/automake1.12/automake1.12-1.12.6-2.tar.bz2
noarch/release/automake1.12/automake1.12-1.12.6-3.tar.xz
noarch/release/automake1.13/
noarch/release/automake1.13/automake1.13-1.13.4-1.tar.bz2
noarch/release/automake1.13/automake1.13-1.13.4-2.tar.xz
noarch/release/automake1.14/
noarch/release/automake1.14/automake1.14-1.14.1-2.tar.xz
noarch/release/automake1.14/automake1.14-1.14.1-3.tar.xz
noarch/release/automake1.15/
noarch/release/automake1.15/automake1.15-1.15.1-1.tar.xz
noarch/release/automake1.4/
noarch/release/automake1.4/automake1.4-1.4p6-11.tar.bz2
noarch/release/automake1.5/
noarch/release/automake1.5/automake1.5-1.5-11.tar.bz2
noarch/release/automake1.6/
noarch/release/automake1.6/automake1.6-1.6.3-12.tar.bz2
noarch/release/automake1.7/
noarch/release/automake1.7/automake1.7-1.7.9-11.tar.bz2
noarch/release/automake1.8/
noarch/release/automake1.8/automake1.8-1.8.5-11.tar.bz2
noarch/release/automake1.9/
noarch/release/automake1.9/automake1.9-1.9.6-11.tar.bz2
noarch/release/base-cygwin/
noarch/release/base-cygwin/base-cygwin-3.8-1.tar.xz
noarch/release/base-files/
noarch/release/base-files/base-files-4.2-4.tar.xz
noarch/release/ca-certificates/
noarch/release/ca-certificates/ca-certificates-2.16-1.tar.xz
noarch/release/ca-certificates/ca-certificates-2.22-1.tar.xz
noarch/release/damageproto/
noarch/release/damageproto/damageproto-1.2.1-1.tar.bz2
noarch/release/dejavu-fonts/
noarch/release/dejavu-fonts/dejavu-fonts-2.37-1.tar.xz
noarch/release/extra-cmake-modules/
noarch/release/extra-cmake-modules/extra-cmake-modules-5.35.0-1-src.tar.xz
noarch/release/fixesproto/
noarch/release/fixesproto/fixesproto-5.0-1.tar.bz2
noarch/release/gccmakedep/
noarch/release/gccmakedep/gccmakedep-1.0.3-1-src.tar.xz
noarch/release/ghostscript-fonts-other/
noarch/release/ghostscript-fonts-other/ghostscript-fonts-other-6.0-1.tar.bz2
noarch/release/ghostscript-fonts-std/
noarch/release/ghostscript-fonts-std/ghostscript-fonts-std-8.11-1.tar.bz2
noarch/release/gsettings-desktop-schemas/
noarch/release/gsettings-desktop-schemas/gsettings-desktop-schemas-3.22.0-1.tar.xz
noarch/release/gsettings-desktop-schemas/gsettings-desktop-schemas-3.24.1-1.tar.xz
noarch/release/hicolor-icon-theme/
noarch/release/hicolor-icon-theme/hicolor-icon-theme-0.15-1.tar.xz
noarch/release/kbproto/
noarch/release/kbproto/kbproto-1.0.7-1.tar.xz
noarch/release/makeself/
noarch/release/makeself/makeself-2.1.5+20120813+gitdcbe778-1-src.tar.bz2
noarch/release/mingw64-i686-libpagemaker0.0/
noarch/release/mingw64-i686-libpagemaker0.0/mingw64-i686-libpagemaker0.0-0.0.3-1-src.tar.xz
noarch/release/perl-CGI/
noarch/release/perl-CGI/perl-CGI-4.36-1.tar.xz
noarch/release/perl-CGI/perl-CGI-4.38-1.tar.xz
noarch/release/perl-Carp/
noarch/release/perl-Carp/perl-Carp-1.38-1.tar.xz
noarch/release/perl-Carp/perl-Carp-1.38-2.tar.xz
noarch/release/perl-Encode-Locale/
noarch/release/perl-Encode-Locale/perl-Encode-Locale-1.05-1.tar.xz
noarch/release/perl-Encode-Locale/perl-Encode-Locale-1.05-2.tar.xz
noarch/release/perl-Error/
noarch/release/perl-Error/perl-Error-0.17025-1.tar.xz
noarch/release/perl-Error/perl-Error-0.17025-2.tar.xz
noarch/release/perl-File-Listing/
noarch/release/perl-File-Listing/perl-File-Listing-6.04-5.tar.xz
noarch/release/perl-File-Listing/perl-File-Listing-6.04-6.tar.xz
noarch/release/perl-HTML-Tagset/
noarch/release/perl-HTML-Tagset/perl-HTML-Tagset-3.20-5.tar.xz
noarch/release/perl-HTML-Tagset/perl-HTML-Tagset-3.20-6.tar.xz
noarch/release/perl-HTTP-Cookies/
noarch/release/perl-HTTP-Cookies/perl-HTTP-Cookies-6.04-1.tar.xz
noarch/release/perl-HTTP-Cookies/perl-HTTP-Cookies-6.04-2.tar.xz
noarch/release/perl-HTTP-Daemon/
noarch/release/perl-HTTP-Daemon/perl-HTTP-Daemon-6.01-5.tar.xz
noarch/release/perl-HTTP-Daemon/perl-HTTP-Daemon-6.01-6.tar.xz
noarch/release/perl-HTTP-Date/
noarch/release/perl-HTTP-Date/perl-HTTP-Date-6.02-5.tar.xz
noarch/release/perl-HTTP-Date/perl-HTTP-Date-6.02-6.tar.xz
noarch/release/perl-HTTP-Message/
noarch/release/perl-HTTP-Message/perl-HTTP-Message-6.13-1.tar.xz
noarch/release/perl-HTTP-Message/perl-HTTP-Message-6.16-1.tar.xz
noarch/release/perl-HTTP-Negotiate/
noarch/release/perl-HTTP-Negotiate/perl-HTTP-Negotiate-6.01-5.tar.xz
noarch/release/perl-HTTP-Negotiate/perl-HTTP-Negotiate-6.01-6.tar.xz
noarch/release/perl-IO-HTML/
noarch/release/perl-IO-HTML/perl-IO-HTML-1.001-2.tar.xz
noarch/release/perl-IO-HTML/perl-IO-HTML-1.001-3.tar.xz
noarch/release/perl-IO-String/
noarch/release/perl-IO-String/perl-IO-String-1.08-5.tar.xz
noarch/release/perl-IO-String/perl-IO-String-1.08-6.tar.xz
noarch/release/perl-JSON/
noarch/release/perl-JSON/perl-JSON-2.94-1.tar.xz
noarch/release/perl-JSON/perl-JSON-2.97001-1.tar.xz
noarch/release/perl-LWP-MediaTypes/
noarch/release/perl-LWP-MediaTypes/perl-LWP-MediaTypes-6.02-5.tar.xz
noarch/release/perl-LWP-MediaTypes/perl-LWP-MediaTypes-6.02-6.tar.xz
noarch/release/perl-Net-HTTP/
noarch/release/perl-Net-HTTP/perl-Net-HTTP-6.16-1.tar.xz
noarch/release/perl-Net-HTTP/perl-Net-HTTP-6.18-1.tar.xz
noarch/release/perl-Pod-Simple/
noarch/release/perl-Pod-Simple/perl-Pod-Simple-3.35-1.tar.xz
noarch/release/perl-Pod-Simple/perl-Pod-Simple-3.35-2.tar.xz
noarch/release/perl-Test-Harness/
noarch/release/perl-Test-Harness/perl-Test-Harness-3.42-1.tar.xz
noarch/release/perl-Tk-Pod/
noarch/release/perl-Tk-Pod/perl-Tk-Pod-0.9942-1.tar.xz
noarch/release/perl-Tk-Pod/perl-Tk-Pod-0.9943-1.tar.xz
noarch/release/perl-Try-Tiny/
noarch/release/perl-Try-Tiny/perl-Try-Tiny-0.28-1.tar.xz
noarch/release/perl-Try-Tiny/perl-Try-Tiny-0.30-1.tar.xz
noarch/release/perl-Types-Serialiser/
noarch/release/perl-Types-Serialiser/perl-Types-Serialiser-1.0-3.tar.xz
noarch/release/perl-Types-Serialiser/perl-Types-Serialiser-1.0-4.tar.xz
noarch/release/perl-URI/
noarch/release/perl-URI/perl-URI-1.72-1.tar.xz
noarch/release/perl-URI/perl-URI-1.74-1.tar.xz
noarch/release/perl-WWW-RobotRules/
noarch/release/perl-WWW-RobotRules/perl-WWW-RobotRules-6.02-5.tar.xz
noarch/release/perl-WWW-RobotRules/perl-WWW-RobotRules-6.02-6.tar.xz
noarch/release/perl-libwww-perl/
noarch/release/perl-libwww-perl/perl-libwww-perl-6.26-1.tar.xz
noarch/release/perl-libwww-perl/perl-libwww-perl-6.33-1.tar.xz
noarch/release/poppler-data/
noarch/release/poppler-data/poppler-data-0.4.7-1.tar.xz
noarch/release/poppler-data/poppler-data-0.4.8-1.tar.xz
noarch/release/publicsuffix-list/
noarch/release/publicsuffix-list/publicsuffix-list-dafsa/
noarch/release/publicsuffix-list/publicsuffix-list-dafsa/publicsuffix-list-dafsa-20170828-1.tar.xz
noarch/release/publicsuffix-list/publicsuffix-list-dafsa/publicsuffix-list-dafsa-20180328-1.tar.xz
noarch/release/python-appdirs/
noarch/release/python-appdirs/python3-appdirs/
noarch/release/python-appdirs/python3-appdirs/python3-appdirs-1.4.3-1.tar.xz
noarch/release/python-asn1crypto/
noarch/release/python-asn1crypto/python2-asn1crypto/
noarch/release/python-asn1crypto/python2-asn1crypto/python2-asn1crypto-0.22.0-1.tar.xz
noarch/release/python-asn1crypto/python3-asn1crypto/
noarch/release/python-asn1crypto/python3-asn1crypto/python3-asn1crypto-0.22.0-1.tar.xz
noarch/release/python-enum34/
noarch/release/python-enum34/python2-enum34/
noarch/release/python-enum34/python2-enum34/python2-enum34-1.1.6-1.tar.xz
noarch/release/python-idna/
noarch/release/python-idna/python2-idna/
noarch/release/python-idna/python2-idna/python2-idna-2.5-1.tar.xz
noarch/release/python-idna/python3-idna/
noarch/release/python-idna/python3-idna/python3-idna-2.5-1.tar.xz
noarch/release/python-ipaddress/
noarch/release/python-ipaddress/python2-ipaddress/
noarch/release/python-ipaddress/python2-ipaddress/python2-ipaddress-1.0.18-1.tar.xz
noarch/release/python-packaging/
noarch/release/python-packaging/python2-packaging/
noarch/release/python-packaging/python2-packaging/python2-packaging-16.8-1.tar.xz
noarch/release/python-packaging/python3-packaging/
noarch/release/python-packaging/python3-packaging/python3-packaging-16.8-1.tar.xz
noarch/release/python-ply/
noarch/release/python-ply/python2-ply/
noarch/release/python-ply/python2-ply/python2-ply-3.9-1.tar.xz
noarch/release/python-ply/python3-ply/
noarch/release/python-ply/python3-ply/python3-ply-3.9-1.tar.xz
noarch/release/python-pyasn1/
noarch/release/python-pyasn1/python3-pyasn1/
noarch/release/python-pyasn1/python3-pyasn1/python3-pyasn1-0.2.3-1.tar.xz
noarch/release/python-pycparser/
noarch/release/python-pycparser/python2-pycparser/
noarch/release/python-pycparser/python2-pycparser/python2-pycparser-2.17-1.tar.xz
noarch/release/python-pycparser/python3-pycparser/
noarch/release/python-pycparser/python3-pycparser/python3-pycparser-2.17-1.tar.xz
noarch/release/python-pyparsing/
noarch/release/python-pyparsing/python2-pyparsing/
noarch/release/python-pyparsing/python2-pyparsing/python2-pyparsing-2.1.10-1.tar.xz
noarch/release/python-pyparsing/python3-pyparsing/
noarch/release/python-pyparsing/python3-pyparsing/python3-pyparsing-2.1.10-1.tar.xz
noarch/release/python-setuptools/
noarch/release/python-setuptools/python3-setuptools/
noarch/release/python-setuptools/python3-setuptools/python3-setuptools-34.3.2-1.tar.xz
noarch/release/python-six/
noarch/release/python-six/python2-six/
noarch/release/python-six/python2-six/python2-six-1.10.0-1.tar.xz
noarch/release/python-six/python3-six/
noarch/release/python-six/python3-six/python3-six-1.10.0-1.tar.xz
noarch/release/renderproto/
noarch/release/renderproto/renderproto-0.11.1-1.tar.bz2
noarch/release/texlive-collection-basic/
noarch/release/texlive-collection-basic/texlive-collection-basic-20170520-1.tar.xz
noarch/release/texlive-collection-basic/texlive-collection-basic-20180414-1.tar.xz
noarch/release/texlive-collection-latex/
noarch/release/texlive-collection-latex/texlive-collection-latex-20170520-2.tar.xz
noarch/release/texlive-collection-latex/texlive-collection-latex-20180414-1.tar.xz
noarch/release/texlive-collection-latexrecommended/
noarch/release/texlive-collection-latexrecommended/texlive-collection-latexrecommended-20170520-1.tar.xz
noarch/release/texlive-collection-latexrecommended/texlive-collection-latexrecommended-20180414-1.tar.xz
noarch/release/tzdata/
noarch/release/tzdata/tzdata-2017b-1.tar.xz
noarch/release/tzdata/tzdata-2018e-1.tar.xz
noarch/release/urw-base35-fonts/
noarch/release/urw-base35-fonts/urw-base35-fonts-20170801-5.tar.xz
noarch/release/xbitmaps/
noarch/release/xbitmaps/xbitmaps-1.1.1-1.tar.bz2
noarch/release/xextproto/
noarch/release/xextproto/xextproto-7.3.0-1.tar.xz
noarch/release/xkeyboard-config/
noarch/release/xkeyboard-config/xkeyboard-config-2.23.1-1.tar.xz
noarch/release/xorg-x11-fonts/
noarch/release/xorg-x11-fonts/xorg-x11-fonts-Type1/
noarch/release/xorg-x11-fonts/xorg-x11-fonts-Type1/xorg-x11-fonts-Type1-7.5-3.tar.xz
noarch/release/xorg-x11-fonts/xorg-x11-fonts-cyrillic/
noarch/release/xorg-x11-fonts/xorg-x11-fonts-cyrillic/xorg-x11-fonts-cyrillic-7.5-3.tar.xz
noarch/release/xorg-x11-fonts/xorg-x11-fonts-dpi100/
noarch/release/xorg-x11-fonts/xorg-x11-fonts-dpi100/xorg-x11-fonts-dpi100-7.5-3.tar.xz
noarch/release/xorg-x11-fonts/xorg-x11-fonts-dpi75/
noarch/release/xorg-x11-fonts/xorg-x11-fonts-dpi75/xorg-x11-fonts-dpi75-7.5-3.tar.xz
noarch/release/xorg-x11-fonts/xorg-x11-fonts-ethiopic/
noarch/release/xorg-x11-fonts/xorg-x11-fonts-ethiopic/xorg-x11-fonts-ethiopic-7.5-3.tar.xz
noarch/release/xorg-x11-fonts/xorg-x11-fonts-misc/
noarch/release/xorg-x11-fonts/xorg-x11-fonts-misc/xorg-x11-fonts-misc-7.5-3.tar.xz
noarch/release/xorgproto/
noarch/release/xorgproto/xorgproto-2018.4-1.tar.xz
noarch/release/xproto/
noarch/release/xproto/xproto-7.0.31-1.tar.xz
x86_64/
x86_64/setup.ini
x86_64/release/
x86_64/release/ImageMagick/
x86_64/release/ImageMagick/ImageMagick-6.9.9.11-1.tar.xz
x86_64/release/ImageMagick/ImageMagick-6.9.9.11-3.tar.xz
x86_64/release/ImageMagick/libMagickC++6_6/
x86_64/release/ImageMagick/libMagickC++6_6/libMagickC++6_6-6.9.5.7-2.tar.xz
x86_64/release/ImageMagick/libMagickC++6_8/
x86_64/release/ImageMagick/libMagickC++6_8/libMagickC++6_8-6.9.9.11-3.tar.xz
x86_64/release/ImageMagick/libMagickCore6_2/
x86_64/release/ImageMagick/libMagickCore6_2/libMagickCore6_2-6.9.5.7-2.tar.xz
x86_64/release/ImageMagick/libMagickCore6_5/
x86_64/release/ImageMagick/libMagickCore6_5/libMagickCore6_5-6.9.9.11-1.tar.xz
x86_64/release/ImageMagick/libMagickCore6_5/libMagickCore6_5-6.9.9.11-3.tar.xz
x86_64/release/ImageMagick/libMagickWand6_2/
x86_64/release/ImageMagick/libMagickWand6_2/libMagickWand6_2-6.9.5.7-2.tar.xz
x86_64/release/ImageMagick/libMagickWand6_5/
x86_64/release/ImageMagick/libMagickWand6_5/libMagickWand6_5-6.9.9.11-1.tar.xz
x86_64/release/ImageMagick/libMagickWand6_5/libMagickWand6_5-6.9.9.11-3.tar.xz
x86_64/release/R/
x86_64/release/R/R-3.4.1-1.tar.xz
x86_64/release/R/R-3.4.4-1.tar.xz
x86_64/release/R/R_autorebase/
x86_64/release/R/R_autorebase/R_autorebase-001001-1.tar.xz
x86_64/release/WindowMaker/
x86_64/release/WindowMaker/WindowMaker-0.95.6-3-src.tar.xz
x86_64/release/alternatives/
x86_64/release/alternatives/alternatives-1.3.30c-10.tar.bz2
x86_64/release/at-spi2-atk/
x86_64/release/at-spi2-atk/libatk-bridge2.0_0/
x86_64/release/at-spi2-atk/libatk-bridge2.0_0/libatk-bridge2.0_0-2.22.0-1.tar.xz
x86_64/release/at-spi2-atk/libatk-bridge2.0_0/libatk-bridge2.0_0-2.26.1-1.tar.xz
x86_64/release/at-spi2-core/
x86_64/release/at-spi2-core/at-spi2-core-2.22.1-1.tar.xz
x86_64/release/at-spi2-core/at-spi2-core-2.26.2-1.tar.xz
x86_64/release/at-spi2-core/libatspi0/
x86_64/release/at-spi2-core/libatspi0/libatspi0-2.22.1-1.tar.xz
x86_64/release/at-spi2-core/libatspi0/libatspi0-2.26.2-1.tar.xz
x86_64/release/atk1.0/
x86_64/release/atk1.0/libatk1.0_0/
x86_64/release/atk1.0/libatk1.0_0/libatk1.0_0-2.22.0-1.tar.xz
x86_64/release/atk1.0/libatk1.0_0/libatk1.0_0-2.26.1-1.tar.xz
x86_64/release/attr/
x86_64/release/attr/libattr1/
x86_64/release/attr/libattr1/libattr1-2.4.46-1.tar.bz2
x86_64/release/autobuild/
x86_64/release/autobuild/autobuild-5.3-1.tar.bz2
x86_64/release/autotrace/
x86_64/release/autotrace/libautotrace3/
x86_64/release/autotrace/libautotrace3/libautotrace3-0.31.1-18.tar.xz
x86_64/release/bash/
x86_64/release/bash/bash-4.4.12-3.tar.xz
x86_64/release/bcrypt/
x86_64/release/bcrypt/bcrypt-1.1-3.tar.bz2
x86_64/release/binutils/
x86_64/release/binutils/binutils-2.25-4.tar.xz
x86_64/release/binutils/binutils-2.29-1.tar.xz
x86_64/release/bzip2/
x86_64/release/bzip2/bzip2-1.0.6-3.tar.xz
x86_64/release/bzip2/libbz2_1/
x86_64/release/bzip2/libbz2_1/libbz2_1-1.0.6-3.tar.xz
x86_64/release/cairo/
x86_64/release/cairo/libcairo-devel/
x86_64/release/cairo/libcairo-devel/libcairo-devel-1.14.10-1.tar.xz
x86_64/release/cairo/libcairo-devel/libcairo-devel-1.14.12-1.tar.xz
x86_64/release/cairo/libcairo2/
x86_64/release/cairo/libcairo2/libcairo2-1.14.10-1.tar.xz
x86_64/release/cairo/libcairo2/libcairo2-1.14.12-1.tar.xz
x86_64/release/clang/
x86_64/release/clang/clang-4.0.1-1.tar.xz
x86_64/release/clang/clang-5.0.1-2.tar.xz
x86_64/release/clang/libclang3.8/
x86_64/release/clang/libclang3.8/libclang3.8-3.8.1-1.tar.xz
x86_64/release/clang/libclang3.9/
x86_64/release/clang/libclang3.9/libclang3.9-3.9.1-1.tar.xz
x86_64/release/clang/libclang4.0/
x86_64/release/clang/libclang4.0/libclang4.0-4.0.1-1.tar.xz
x86_64/release/clang/libclang5.0/
x86_64/release/clang/libclang5.0/libclang5.0-5.0.1-2.tar.xz
x86_64/release/cmake/
x86_64/release/cmake/cmake-3.6.2-1-src.tar.xz
x86_64/release/cmake/cmake-3.6.2-1.tar.xz
x86_64/release/compiler-rt/
x86_64/release/compiler-rt/compiler-rt-5.0.1-1.tar.xz
x86_64/release/coreutils/
x86_64/release/coreutils/coreutils-8.26-2.tar.xz
x86_64/release/crypt/
x86_64/release/crypt/libcrypt0/
x86_64/release/crypt/libcrypt0/libcrypt0-2.1-1.tar.xz
x86_64/release/csih/
x86_64/release/csih/csih-0.9.11-1.tar.xz
x86_64/release/csih/csih-0.9.9-1.tar.xz
x86_64/release/curl/
x86_64/release/curl/curl-7.55.1-1.tar.xz
x86_64/release/curl/curl-7.59.0-1.tar.xz
x86_64/release/curl/libcurl4/
x86_64/release/curl/libcurl4/libcurl4-7.55.1-1.tar.xz
x86_64/release/curl/libcurl4/libcurl4-7.59.0-1.tar.xz
x86_64/release/cygrunsrv/
x86_64/release/cygrunsrv/cygrunsrv-1.62-1.tar.xz
x86_64/release/cygutils/
x86_64/release/cygutils/cygutils-1.4.16-2.tar.xz
x86_64/release/cygutils/cygutils-x11/
x86_64/release/cygutils/cygutils-x11/cygutils-x11-1.4.16-2.tar.xz
x86_64/release/cygwin/
x86_64/release/cygwin/cygwin-2.10.0-1.tar.xz
x86_64/release/cygwin/cygwin-2.8.2-1.tar.xz
x86_64/release/cygwin/cygwin-devel/
x86_64/release/cygwin/cygwin-devel/cygwin-devel-2.10.0-1.tar.xz
x86_64/release/cygwin/cygwin-devel/cygwin-devel-2.8.2-1.tar.xz
x86_64/release/cyrus-sasl/
x86_64/release/cyrus-sasl/libsasl2_3/
x86_64/release/cyrus-sasl/libsasl2_3/libsasl2_3-2.1.26-11.tar.xz
x86_64/release/dash/
x86_64/release/dash/dash-0.5.9.1-1.tar.xz
x86_64/release/db/
x86_64/release/db/libdb5.3/
x86_64/release/db/libdb5.3/libdb5.3-5.3.28-1.tar.xz
x86_64/release/db/libdb5.3/libdb5.3-5.3.28-2.tar.xz
x86_64/release/dbus/
x86_64/release/dbus/libdbus1_3/
x86_64/release/dbus/libdbus1_3/libdbus1_3-1.10.22-1.tar.xz
x86_64/release/dconf/
x86_64/release/dconf/dconf-service/
x86_64/release/dconf/dconf-service/dconf-service-0.26.0-1.tar.xz
x86_64/release/dconf/dconf-service/dconf-service-0.26.1-1.tar.xz
x86_64/release/desktop-file-utils/
x86_64/release/desktop-file-utils/desktop-file-utils-0.23-1.tar.xz
x86_64/release/dialog/
x86_64/release/dialog/dialog-1.3-3.20170131.tar.xz
x86_64/release/dialog/libdialog13/
x86_64/release/dialog/libdialog13/libdialog13-1.3-2.20160828.tar.xz
x86_64/release/dialog/libdialog14/
x86_64/release/dialog/libdialog14/libdialog14-1.3-3.20170131.tar.xz
x86_64/release/diffutils/
x86_64/release/diffutils/diffutils-3.5-2.tar.xz
x86_64/release/e2fsprogs/
x86_64/release/e2fsprogs/libcom_err2/
x86_64/release/e2fsprogs/libcom_err2/libcom_err2-1.42.12-2.tar.xz
x86_64/release/ed/
x86_64/release/ed/ed-1.14.1-1.tar.xz
x86_64/release/editrights/
x86_64/release/editrights/editrights-1.03-1.tar.xz
x86_64/release/expat/
x86_64/release/expat/libexpat-devel/
x86_64/release/expat/libexpat-devel/libexpat-devel-2.2.3-1.tar.xz
x86_64/release/expat/libexpat1/
x86_64/release/expat/libexpat1/libexpat1-2.2.3-1.tar.xz
x86_64/release/fftw3/
x86_64/release/fftw3/libfftw3_3/
x86_64/release/fftw3/libfftw3_3/libfftw3_3-3.3.6-pl1-1.tar.xz
x86_64/release/fftw3/libfftw3_3/libfftw3_3-3.3.8-1.tar.xz
x86_64/release/figlet/
x86_64/release/figlet/figlet-2.2.2-2.tar.bz2
x86_64/release/file/
x86_64/release/file/file-5.30-1.tar.xz
x86_64/release/file/file-5.32-1.tar.xz
x86_64/release/findutils/
x86_64/release/findutils/findutils-4.6.0-1.tar.xz
x86_64/release/flex/
x86_64/release/flex/flex-2.6.4-1.tar.xz
x86_64/release/flex/flex-2.6.4-2.tar.xz
x86_64/release/flip/
x86_64/release/flip/flip-1.19-1.tar.bz2
x86_64/release/fontconfig/
x86_64/release/fontconfig/libfontconfig-common/
x86_64/release/fontconfig/libfontconfig-common/libfontconfig-common-2.12.1-1.tar.xz
x86_64/release/fontconfig/libfontconfig-common/libfontconfig-common-2.12.6-1.tar.xz
x86_64/release/fontconfig/libfontconfig-devel/
x86_64/release/fontconfig/libfontconfig-devel/libfontconfig-devel-2.12.1-1.tar.xz
x86_64/release/fontconfig/libfontconfig-devel/libfontconfig-devel-2.12.6-1.tar.xz
x86_64/release/fontconfig/libfontconfig1/
x86_64/release/fontconfig/libfontconfig1/libfontconfig1-2.12.1-1.tar.xz
x86_64/release/fontconfig/libfontconfig1/libfontconfig1-2.12.6-1.tar.xz
x86_64/release/freetype2/
x86_64/release/freetype2/libfreetype-devel/
x86_64/release/freetype2/libfreetype-devel/libfreetype-devel-2.6.5-1.tar.xz
x86_64/release/freetype2/libfreetype-devel/libfreetype-devel-2.8.1-1.tar.xz
x86_64/release/freetype2/libfreetype6/
x86_64/release/freetype2/libfreetype6/libfreetype6-2.6.5-1.tar.xz
x86_64/release/freetype2/libfreetype6/libfreetype6-2.8.1-1.tar.xz
x86_64/release/gamin/
x86_64/release/gamin/gamin-0.1.10-15.tar.xz
x86_64/release/gamin/libfam0/
x86_64/release/gamin/libfam0/libfam0-0.1.10-15.tar.xz
x86_64/release/gawk/
x86_64/release/gawk/gawk-4.1.4-3.tar.xz
x86_64/release/gawk/gawk-4.2.1-1.tar.xz
x86_64/release/gcc-tools-epoch1-automake/
x86_64/release/gcc-tools-epoch1-automake/gcc-tools-epoch1-automake-1.9.6-2-src.tar.bz2
x86_64/release/gcc-tools-epoch2-automake/
x86_64/release/gcc-tools-epoch2-automake/gcc-tools-epoch2-automake-1.11.6-1-src.tar.bz2
x86_64/release/gcc/
x86_64/release/gcc/gcc-core/
x86_64/release/gcc/gcc-core/gcc-core-5.4.0-1.tar.xz
x86_64/release/gcc/gcc-core/gcc-core-7.3.0-2.tar.xz
x86_64/release/gcc/gcc-fortran/
x86_64/release/gcc/gcc-fortran/gcc-fortran-5.4.0-1.tar.xz
x86_64/release/gcc/gcc-fortran/gcc-fortran-7.3.0-2.tar.xz
x86_64/release/gcc/gcc-g++/
x86_64/release/gcc/gcc-g++/gcc-g++-5.4.0-1.tar.xz
x86_64/release/gcc/gcc-g++/gcc-g++-7.3.0-2.tar.xz
x86_64/release/gcc/libatomic1/
x86_64/release/gcc/libatomic1/libatomic1-5.4.0-1.tar.xz
x86_64/release/gcc/libatomic1/libatomic1-7.3.0-2.tar.xz
x86_64/release/gcc/libgcc1/
x86_64/release/gcc/libgcc1/libgcc1-5.4.0-1.tar.xz
x86_64/release/gcc/libgcc1/libgcc1-7.3.0-2.tar.xz
x86_64/release/gcc/libgfortran3/
x86_64/release/gcc/libgfortran3/libgfortran3-5.4.0-1.tar.xz
x86_64/release/gcc/libgfortran3/libgfortran3-6.4.0-5.tar.xz
x86_64/release/gcc/libgfortran4/
x86_64/release/gcc/libgfortran4/libgfortran4-7.3.0-2.tar.xz
x86_64/release/gcc/libgomp1/
x86_64/release/gcc/libgomp1/libgomp1-5.4.0-1.tar.xz
x86_64/release/gcc/libgomp1/libgomp1-7.3.0-2.tar.xz
x86_64/release/gcc/libquadmath0/
x86_64/release/gcc/libquadmath0/libquadmath0-5.4.0-1.tar.xz
x86_64/release/gcc/libquadmath0/libquadmath0-7.3.0-2.tar.xz
x86_64/release/gcc/libssp0/
x86_64/release/gcc/libssp0/libssp0-5.4.0-1.tar.xz
x86_64/release/gcc/libssp0/libssp0-6.4.0-4.tar.xz
x86_64/release/gcc/libstdc++6/
x86_64/release/gcc/libstdc++6/libstdc++6-5.4.0-1.tar.xz
x86_64/release/gcc/libstdc++6/libstdc++6-7.3.0-2.tar.xz
x86_64/release/gcc/libvtv0/
x86_64/release/gcc/libvtv0/libvtv0-5.4.0-1.tar.xz
x86_64/release/gd/
x86_64/release/gd/libgd3/
x86_64/release/gd/libgd3/libgd3-2.2.5-1.tar.xz
x86_64/release/gdbm/
x86_64/release/gdbm/libgdbm4/
x86_64/release/gdbm/libgdbm4/libgdbm4-1.12-1.tar.xz
x86_64/release/gdk-pixbuf2.0/
x86_64/release/gdk-pixbuf2.0/libgdk_pixbuf2.0_0/
x86_64/release/gdk-pixbuf2.0/libgdk_pixbuf2.0_0/libgdk_pixbuf2.0_0-2.36.11-1.tar.xz
x86_64/release/gdk-pixbuf2.0/libgdk_pixbuf2.0_0/libgdk_pixbuf2.0_0-2.36.6-2.tar.xz
x86_64/release/getent/
x86_64/release/getent/getent-2.18.90-4.tar.xz
x86_64/release/gettext/
x86_64/release/gettext/libintl-devel/
x86_64/release/gettext/libintl-devel/libintl-devel-0.19.8.1-2.tar.xz
x86_64/release/gettext/libintl8/
x86_64/release/gettext/libintl8/libintl8-0.19.8.1-2.tar.xz
x86_64/release/ghostscript/
x86_64/release/ghostscript/ghostscript-9.19-1.tar.xz
x86_64/release/ghostscript/ghostscript-9.23-1.tar.xz
x86_64/release/ghostscript/libgs9/
x86_64/release/ghostscript/libgs9/libgs9-9.19-1.tar.xz
x86_64/release/ghostscript/libgs9/libgs9-9.23-1.tar.xz
x86_64/release/giflib/
x86_64/release/giflib/libgif4/
x86_64/release/giflib/libgif4/libgif4-4.1.6-12.tar.bz2
x86_64/release/giflib/libgif7/
x86_64/release/giflib/libgif7/libgif7-5.1.4-1.tar.xz
x86_64/release/git/
x86_64/release/git/git-2.14.1-1.tar.xz
x86_64/release/git/git-2.17.0-1.tar.xz
x86_64/release/git/git-gui/
x86_64/release/git/git-gui/git-gui-2.14.1-1.tar.xz
x86_64/release/git/git-gui/git-gui-2.17.0-1.tar.xz
x86_64/release/git/gitk/
x86_64/release/git/gitk/gitk-2.14.1-1.tar.xz
x86_64/release/git/gitk/gitk-2.17.0-1.tar.xz
x86_64/release/glib2.0-networking/
x86_64/release/glib2.0-networking/glib2.0-networking-2.50.0-2.tar.xz
x86_64/release/glib2.0-networking/glib2.0-networking-2.54.1-1.tar.xz
x86_64/release/glib2.0/
x86_64/release/glib2.0/libglib2.0-devel/
x86_64/release/glib2.0/libglib2.0-devel/libglib2.0-devel-2.50.3-1.tar.xz
x86_64/release/glib2.0/libglib2.0-devel/libglib2.0-devel-2.54.3-1.tar.xz
x86_64/release/glib2.0/libglib2.0_0/
x86_64/release/glib2.0/libglib2.0_0/libglib2.0_0-2.50.3-1.tar.xz
x86_64/release/glib2.0/libglib2.0_0/libglib2.0_0-2.54.3-1.tar.xz
x86_64/release/gmp/
x86_64/release/gmp/libgmp10/
x86_64/release/gmp/libgmp10/libgmp10-6.1.2-1.tar.xz
x86_64/release/gnupg/
x86_64/release/gnupg/gnupg-1.4.22-1.tar.xz
x86_64/release/gnupg2/
x86_64/release/gnupg2/gnupg2-2.1.22-1.tar.xz
x86_64/release/gnupg2/gnupg2-2.1.23-1.tar.xz
x86_64/release/gnupg2/gnupg2-2.2.8-1.tar.xz
x86_64/release/gnuplot/
x86_64/release/gnuplot/gnuplot-5.0.3-1.tar.xz
x86_64/release/gnuplot/gnuplot-5.2.2-1.tar.xz
x86_64/release/gnutls/
x86_64/release/gnutls/libgnutls28/
x86_64/release/gnutls/libgnutls28/libgnutls28-3.3.27-1.tar.xz
x86_64/release/gnutls/libgnutls30/
x86_64/release/gnutls/libgnutls30/libgnutls30-3.5.13-1.tar.xz
x86_64/release/gnutls/libgnutls30/libgnutls30-3.5.18-1.tar.xz
x86_64/release/graphite2/
x86_64/release/graphite2/libgraphite2_3/
x86_64/release/graphite2/libgraphite2_3/libgraphite2_3-1.3.10-1.tar.xz
x86_64/release/graphite2/libgraphite2_3/libgraphite2_3-1.3.8-1.tar.xz
x86_64/release/grep/
x86_64/release/grep/grep-3.0-2.tar.xz
x86_64/release/groff/
x86_64/release/groff/groff-1.22.3-1.tar.xz
x86_64/release/gtk3/
x86_64/release/gtk3/gtk-update-icon-cache/
x86_64/release/gtk3/gtk-update-icon-cache/gtk-update-icon-cache-3.22.15-1.tar.xz
x86_64/release/gtk3/gtk-update-icon-cache/gtk-update-icon-cache-3.22.28-1.tar.xz
x86_64/release/gtk3/libgtk3_0/
x86_64/release/gtk3/libgtk3_0/libgtk3_0-3.22.15-1.tar.xz
x86_64/release/gtk3/libgtk3_0/libgtk3_0-3.22.28-1.tar.xz
x86_64/release/guile/
x86_64/release/guile/libguile2.0_22/
x86_64/release/guile/libguile2.0_22/libguile2.0_22-2.0.14-1.tar.xz
x86_64/release/guile/libguile2.0_22/libguile2.0_22-2.0.14-2.tar.xz
x86_64/release/guile1.8/
x86_64/release/guile1.8/libguile17/
x86_64/release/guile1.8/libguile17/libguile17-1.8.8-3.tar.xz
x86_64/release/gzip/
x86_64/release/gzip/gzip-1.8-1.tar.xz
x86_64/release/harfbuzz/
x86_64/release/harfbuzz/libharfbuzz-icu0/
x86_64/release/harfbuzz/libharfbuzz-icu0/libharfbuzz-icu0-1.3.4-1.tar.xz
x86_64/release/harfbuzz/libharfbuzz-icu0/libharfbuzz-icu0-1.7.6-1.tar.xz
x86_64/release/harfbuzz/libharfbuzz0/
x86_64/release/harfbuzz/libharfbuzz0/libharfbuzz0-1.3.4-1.tar.xz
x86_64/release/harfbuzz/libharfbuzz0/libharfbuzz0-1.7.6-1.tar.xz
x86_64/release/hostname/
x86_64/release/hostname/hostname-3.13-1.tar.bz2
x86_64/release/icu/
x86_64/release/icu/libicu57/
x86_64/release/icu/libicu57/libicu57-57.1-1.tar.xz
x86_64/release/icu/libicu58/
x86_64/release/icu/libicu58/libicu58-58.2-1.tar.xz
x86_64/release/icu/libicu59/
x86_64/release/icu/libicu59/libicu59-59.1-1.tar.xz
x86_64/release/icu/libicu60/
x86_64/release/icu/libicu60/libicu60-60.2-1.tar.xz
x86_64/release/icu/libicu61/
x86_64/release/icu/libicu61/libicu61-61.1-1.tar.xz
x86_64/release/imake/
x86_64/release/imake/imake-1.0.7-1-src.tar.xz
x86_64/release/ipc-utils/
x86_64/release/ipc-utils/ipc-utils-1.0-2.tar.bz2
x86_64/release/isl/
x86_64/release/isl/libisl13/
x86_64/release/isl/libisl13/libisl13-0.14.1-1.tar.xz
x86_64/release/isl/libisl15/
x86_64/release/isl/libisl15/libisl15-0.16.1-1.tar.xz
x86_64/release/jasper/
x86_64/release/jasper/libjasper1/
x86_64/release/jasper/libjasper1/libjasper1-1.900.22-1.tar.xz
x86_64/release/jasper/libjasper4/
x86_64/release/jasper/libjasper4/libjasper4-2.0.12-1.tar.xz
x86_64/release/jasper/libjasper4/libjasper4-2.0.14-1.tar.xz
x86_64/release/jbigkit/
x86_64/release/jbigkit/libjbig2/
x86_64/release/jbigkit/libjbig2/libjbig2-2.0-14.tar.xz
x86_64/release/json-glib1.0/
x86_64/release/json-glib1.0/libjson-glib1.0_0/
x86_64/release/json-glib1.0/libjson-glib1.0_0/libjson-glib1.0_0-1.2.6-1.tar.xz
x86_64/release/json-glib1.0/libjson-glib1.0_0/libjson-glib1.0_0-1.4.2-1.tar.xz
x86_64/release/judy/
x86_64/release/judy/libJudy1/
x86_64/release/judy/libJudy1/libJudy1-1.0.5-1.tar.xz
x86_64/release/krb5/
x86_64/release/krb5/libgssapi_krb5_2/
x86_64/release/krb5/libgssapi_krb5_2/libgssapi_krb5_2-1.14.4-1.tar.xz
x86_64/release/krb5/libgssapi_krb5_2/libgssapi_krb5_2-1.15.2-2.tar.xz
x86_64/release/krb5/libk5crypto3/
x86_64/release/krb5/libk5crypto3/libk5crypto3-1.14.4-1.tar.xz
x86_64/release/krb5/libk5crypto3/libk5crypto3-1.15.2-2.tar.xz
x86_64/release/krb5/libkrb5_3/
x86_64/release/krb5/libkrb5_3/libkrb5_3-1.14.4-1.tar.xz
x86_64/release/krb5/libkrb5_3/libkrb5_3-1.15.2-2.tar.xz
x86_64/release/krb5/libkrb5support0/
x86_64/release/krb5/libkrb5support0/libkrb5support0-1.14.4-1.tar.xz
x86_64/release/krb5/libkrb5support0/libkrb5support0-1.15.2-2.tar.xz
x86_64/release/lapack/
x86_64/release/lapack/liblapack0/
x86_64/release/lapack/liblapack0/liblapack0-3.7.1-1.tar.xz
x86_64/release/lapack/liblapack0/liblapack0-3.8.0-1.tar.xz
x86_64/release/latex2rtf/
x86_64/release/latex2rtf/latex2rtf-2.3.15-1.tar.xz
x86_64/release/latex2rtf/latex2rtf-2.3.17-1.tar.xz
x86_64/release/lcms2/
x86_64/release/lcms2/liblcms2_2/
x86_64/release/lcms2/liblcms2_2/liblcms2_2-2.8-1.tar.xz
x86_64/release/lcms2/liblcms2_2/liblcms2_2-2.9-1.tar.xz
x86_64/release/less/
x86_64/release/less/less-487-1.tar.xz
x86_64/release/less/less-530-1.tar.xz
x86_64/release/libEMF/
x86_64/release/libEMF/libEMF1/
x86_64/release/libEMF/libEMF1/libEMF1-1.0.8-1.tar.xz
x86_64/release/libICE/
x86_64/release/libICE/libICE6/
x86_64/release/libICE/libICE6/libICE6-1.0.9-1.tar.xz
x86_64/release/libSM/
x86_64/release/libSM/libSM6/
x86_64/release/libSM/libSM6/libSM6-1.2.2-1.tar.xz
x86_64/release/libX11/
x86_64/release/libX11/libX11-devel/
x86_64/release/libX11/libX11-devel/libX11-devel-1.6.5-1.tar.xz
x86_64/release/libX11/libX11-xcb-devel/
x86_64/release/libX11/libX11-xcb-devel/libX11-xcb-devel-1.6.5-1.tar.xz
x86_64/release/libX11/libX11-xcb1/
x86_64/release/libX11/libX11-xcb1/libX11-xcb1-1.6.5-1.tar.xz
x86_64/release/libX11/libX11_6/
x86_64/release/libX11/libX11_6/libX11_6-1.6.5-1.tar.xz
x86_64/release/libXScrnSaver/
x86_64/release/libXScrnSaver/libXss1/
x86_64/release/libXScrnSaver/libXss1/libXss1-1.2.2-1.tar.bz2
x86_64/release/libXau/
x86_64/release/libXau/libXau-devel/
x86_64/release/libXau/libXau-devel/libXau-devel-1.0.8-1.tar.bz2
x86_64/release/libXau/libXau6/
x86_64/release/libXau/libXau6/libXau6-1.0.8-1.tar.bz2
x86_64/release/libXaw/
x86_64/release/libXaw/libXaw7/
x86_64/release/libXaw/libXaw7/libXaw7-1.0.13-1.tar.xz
x86_64/release/libXcomposite/
x86_64/release/libXcomposite/libXcomposite1/
x86_64/release/libXcomposite/libXcomposite1/libXcomposite1-0.4.3-1.tar.bz2
x86_64/release/libXcursor/
x86_64/release/libXcursor/libXcursor1/
x86_64/release/libXcursor/libXcursor1/libXcursor1-1.1.14-1.tar.bz2
x86_64/release/libXcursor/libXcursor1/libXcursor1-1.1.15-1.tar.xz
x86_64/release/libXdamage/
x86_64/release/libXdamage/libXdamage-devel/
x86_64/release/libXdamage/libXdamage-devel/libXdamage-devel-1.1.4-1.tar.bz2
x86_64/release/libXdamage/libXdamage1/
x86_64/release/libXdamage/libXdamage1/libXdamage1-1.1.4-1.tar.bz2
x86_64/release/libXdmcp/
x86_64/release/libXdmcp/libXdmcp-devel/
x86_64/release/libXdmcp/libXdmcp-devel/libXdmcp-devel-1.1.2-1.tar.xz
x86_64/release/libXdmcp/libXdmcp6/
x86_64/release/libXdmcp/libXdmcp6/libXdmcp6-1.1.2-1.tar.xz
x86_64/release/libXext/
x86_64/release/libXext/libXext-devel/
x86_64/release/libXext/libXext-devel/libXext-devel-1.3.3-1.tar.xz
x86_64/release/libXext/libXext6/
x86_64/release/libXext/libXext6/libXext6-1.3.3-1.tar.xz
x86_64/release/libXfixes/
x86_64/release/libXfixes/libXfixes-devel/
x86_64/release/libXfixes/libXfixes-devel/libXfixes-devel-5.0.3-1.tar.xz
x86_64/release/libXfixes/libXfixes3/
x86_64/release/libXfixes/libXfixes3/libXfixes3-5.0.3-1.tar.xz
x86_64/release/libXft/
x86_64/release/libXft/libXft2/
x86_64/release/libXft/libXft2/libXft2-2.3.2-1.tar.xz
x86_64/release/libXi/
x86_64/release/libXi/libXi6/
x86_64/release/libXi/libXi6/libXi6-1.7.9-1.tar.xz
x86_64/release/libXinerama/
x86_64/release/libXinerama/libXinerama1/
x86_64/release/libXinerama/libXinerama1/libXinerama1-1.1.3-1.tar.bz2
x86_64/release/libXmu/
x86_64/release/libXmu/libXmu6/
x86_64/release/libXmu/libXmu6/libXmu6-1.1.2-1.tar.xz
x86_64/release/libXpm/
x86_64/release/libXpm/libXpm4/
x86_64/release/libXpm/libXpm4/libXpm4-3.5.12-1.tar.xz
x86_64/release/libXrandr/
x86_64/release/libXrandr/libXrandr2/
x86_64/release/libXrandr/libXrandr2/libXrandr2-1.5.1-1.tar.xz
x86_64/release/libXrender/
x86_64/release/libXrender/libXrender-devel/
x86_64/release/libXrender/libXrender-devel/libXrender-devel-0.9.9-1.tar.xz
x86_64/release/libXrender/libXrender1/
x86_64/release/libXrender/libXrender1/libXrender1-0.9.9-1.tar.xz
x86_64/release/libXt/
x86_64/release/libXt/libXt6/
x86_64/release/libXt/libXt6/libXt6-1.1.5-1.tar.xz
x86_64/release/libXtst/
x86_64/release/libXtst/libXtst6/
x86_64/release/libXtst/libXtst6/libXtst6-1.2.3-1.tar.xz
x86_64/release/libarchive/
x86_64/release/libarchive/libarchive13/
x86_64/release/libarchive/libarchive13/libarchive13-3.2.2-2.tar.xz
x86_64/release/libarchive/libarchive13/libarchive13-3.3.2-1.tar.xz
x86_64/release/libargp/
x86_64/release/libargp/libargp-20110921-3.tar.xz
x86_64/release/libassuan/
x86_64/release/libassuan/libassuan0/
x86_64/release/libassuan/libassuan0/libassuan0-2.4.3-1.tar.xz
x86_64/release/libassuan/libassuan0/libassuan0-2.5.1-1.tar.xz
x86_64/release/libcroco0.6/
x86_64/release/libcroco0.6/libcroco0.6_3/
x86_64/release/libcroco0.6/libcroco0.6_3/libcroco0.6_3-0.6.12-1.tar.xz
x86_64/release/libcxx/
x86_64/release/libcxx/libc++-devel/
x86_64/release/libcxx/libc++-devel/libc++-devel-5.0.1-2.tar.xz
x86_64/release/libcxx/libc++1/
x86_64/release/libcxx/libc++1/libc++1-5.0.1-2.tar.xz
x86_64/release/libcxxabi/
x86_64/release/libcxxabi/libc++abi-devel/
x86_64/release/libcxxabi/libc++abi-devel/libc++abi-devel-5.0.1-1.tar.xz
x86_64/release/libcxxabi/libc++abi1/
x86_64/release/libcxxabi/libc++abi1/libc++abi1-5.0.1-1.tar.xz
x86_64/release/libdatrie/
x86_64/release/libdatrie/libdatrie1/
x86_64/release/libdatrie/libdatrie1/libdatrie1-0.2.8-1.tar.xz
x86_64/release/libedit/
x86_64/release/libedit/libedit0/
x86_64/release/libedit/libedit0/libedit0-20130712-1.tar.xz
x86_64/release/libepoxy/
x86_64/release/libepoxy/libepoxy0/
x86_64/release/libepoxy/libepoxy0/libepoxy0-1.3.1-1.tar.xz
x86_64/release/libepoxy/libepoxy0/libepoxy0-1.4.3-1.tar.xz
x86_64/release/libevent/
x86_64/release/libevent/libevent2.0_5/
x86_64/release/libevent/libevent2.0_5/libevent2.0_5-2.0.22-1.tar.xz
x86_64/release/libffi/
x86_64/release/libffi/libffi6/
x86_64/release/libffi/libffi6/libffi6-3.2.1-2.tar.xz
x86_64/release/libfpx/
x86_64/release/libfpx/libfpx1/
x86_64/release/libfpx/libfpx1/libfpx1-1.3.1.4-1.tar.xz
x86_64/release/libgc/
x86_64/release/libgc/libgc1/
x86_64/release/libgc/libgc1/libgc1-7.6.0-1.tar.xz
x86_64/release/libgc/libgc1/libgc1-7.6.6-1.tar.xz
x86_64/release/libgc/libgc2/
x86_64/release/libgc/libgc2/libgc2-7.6.2-3.tar.xz
x86_64/release/libgcrypt/
x86_64/release/libgcrypt/libgcrypt20/
x86_64/release/libgcrypt/libgcrypt20/libgcrypt20-1.7.8-1.tar.xz
x86_64/release/libgcrypt/libgcrypt20/libgcrypt20-1.8.2-1.tar.xz
x86_64/release/libggi2/
x86_64/release/libggi2/libggi2-2.2.2-4.tar.xz
x86_64/release/libggiwmh0/
x86_64/release/libggiwmh0/libggiwmh0-0.3.2-4.tar.xz
x86_64/release/libgii1/
x86_64/release/libgii1/libgii1-1.0.2-4.tar.xz
x86_64/release/libgpg-error/
x86_64/release/libgpg-error/libgpg-error0/
x86_64/release/libgpg-error/libgpg-error0/libgpg-error0-1.27-1.tar.xz
x86_64/release/libgpg-error/libgpg-error0/libgpg-error0-1.28-1.tar.xz
x86_64/release/libiconv/
x86_64/release/libiconv/libiconv-1.14-3.tar.xz
x86_64/release/libiconv/libiconv2/
x86_64/release/libiconv/libiconv2/libiconv2-1.14-3.tar.xz
x86_64/release/libidn/
x86_64/release/libidn/libidn11/
x86_64/release/libidn/libidn11/libidn11-1.33-1.tar.xz
x86_64/release/libidn2/
x86_64/release/libidn2/libidn2_0/
x86_64/release/libidn2/libidn2_0/libidn2_0-2.0.2-1.tar.xz
x86_64/release/libidn2/libidn2_0/libidn2_0-2.0.4-1.tar.xz
x86_64/release/libimagequant/
x86_64/release/libimagequant/libimagequant0/
x86_64/release/libimagequant/libimagequant0/libimagequant0-2.10.0-1.tar.xz
x86_64/release/libiodbc/
x86_64/release/libiodbc/libiodbc2/
x86_64/release/libiodbc/libiodbc2/libiodbc2-3.52.8-2.tar.bz2
x86_64/release/libjpeg-turbo/
x86_64/release/libjpeg-turbo/libjpeg8/
x86_64/release/libjpeg-turbo/libjpeg8/libjpeg8-1.5.0-1.tar.xz
x86_64/release/libjpeg-turbo/libjpeg8/libjpeg8-1.5.3-1.tar.xz
x86_64/release/libksba/
x86_64/release/libksba/libksba8/
x86_64/release/libksba/libksba8/libksba8-1.3.5-1.tar.xz
x86_64/release/liblzo2/
x86_64/release/liblzo2/liblzo2_2/
x86_64/release/liblzo2/liblzo2_2/liblzo2_2-2.08-1.tar.xz
x86_64/release/liblzo2/liblzo2_2/liblzo2_2-2.10-1.tar.xz
x86_64/release/libmetalink/
x86_64/release/libmetalink/libmetalink3/
x86_64/release/libmetalink/libmetalink3/libmetalink3-0.1.2-1.tar.bz2
x86_64/release/libpagemaker0.0/
x86_64/release/libpagemaker0.0/libpagemaker0.0-0.0.3-1-src.tar.xz
x86_64/release/libpaper/
x86_64/release/libpaper/libpaper-common/
x86_64/release/libpaper/libpaper-common/libpaper-common-1.1.24-2.tar.bz2
x86_64/release/libpaper/libpaper1/
x86_64/release/libpaper/libpaper1/libpaper1-1.1.24-2.tar.bz2
x86_64/release/libpipeline/
x86_64/release/libpipeline/libpipeline1/
x86_64/release/libpipeline/libpipeline1/libpipeline1-1.4.0-1.tar.xz
x86_64/release/libpng/
x86_64/release/libpng/libpng-devel/
x86_64/release/libpng/libpng-devel/libpng-devel-1.6.30-2.tar.xz
x86_64/release/libpng/libpng-devel/libpng-devel-1.6.34-1.tar.xz
x86_64/release/libpng/libpng16-devel/
x86_64/release/libpng/libpng16-devel/libpng16-devel-1.6.30-2.tar.xz
x86_64/release/libpng/libpng16-devel/libpng16-devel-1.6.34-1.tar.xz
x86_64/release/libpng/libpng16/
x86_64/release/libpng/libpng16/libpng16-1.6.30-2.tar.xz
x86_64/release/libpng/libpng16/libpng16-1.6.34-1.tar.xz
x86_64/release/libproxy/
x86_64/release/libproxy/libproxy1/
x86_64/release/libproxy/libproxy1/libproxy1-0.4.14-1.tar.xz
x86_64/release/libproxy/libproxy1/libproxy1-0.4.14-2.tar.xz
x86_64/release/libpsl/
x86_64/release/libpsl/libpsl5/
x86_64/release/libpsl/libpsl5/libpsl5-0.18.0-1.tar.xz
x86_64/release/librest0.7/
x86_64/release/librest0.7/librest0.7_0/
x86_64/release/librest0.7/librest0.7_0/librest0.7_0-0.8.0-1.tar.xz
x86_64/release/librest0.7/librest0.7_0/librest0.7_0-0.8.1-1.tar.xz
x86_64/release/librsvg2/
x86_64/release/librsvg2/gdk-pixbuf2.0-svg/
x86_64/release/librsvg2/gdk-pixbuf2.0-svg/gdk-pixbuf2.0-svg-2.40.17-1.tar.xz
x86_64/release/librsvg2/gdk-pixbuf2.0-svg/gdk-pixbuf2.0-svg-2.40.20-1.tar.xz
x86_64/release/librsvg2/librsvg2_2/
x86_64/release/librsvg2/librsvg2_2/librsvg2_2-2.40.17-1.tar.xz
x86_64/release/librsvg2/librsvg2_2/librsvg2_2-2.40.20-1.tar.xz
x86_64/release/libsigsegv/
x86_64/release/libsigsegv/libsigsegv2/
x86_64/release/libsigsegv/libsigsegv2/libsigsegv2-2.10-2.tar.xz
x86_64/release/libsoup2.4/
x86_64/release/libsoup2.4/libsoup-gnome2.4_1/
x86_64/release/libsoup2.4/libsoup-gnome2.4_1/libsoup-gnome2.4_1-2.56.0-1.tar.xz
x86_64/release/libsoup2.4/libsoup-gnome2.4_1/libsoup-gnome2.4_1-2.60.3-1.tar.xz
x86_64/release/libsoup2.4/libsoup2.4_1/
x86_64/release/libsoup2.4/libsoup2.4_1/libsoup2.4_1-2.56.0-1.tar.xz
x86_64/release/libsoup2.4/libsoup2.4_1/libsoup2.4_1-2.60.3-1.tar.xz
x86_64/release/libssh2/
x86_64/release/libssh2/libssh2_1/
x86_64/release/libssh2/libssh2_1/libssh2_1-1.7.0-1.tar.xz
x86_64/release/libtasn1/
x86_64/release/libtasn1/libtasn1_6/
x86_64/release/libtasn1/libtasn1_6/libtasn1_6-4.12-1.tar.xz
x86_64/release/libtasn1/libtasn1_6/libtasn1_6-4.13-1.tar.xz
x86_64/release/libthai/
x86_64/release/libthai/libthai0/
x86_64/release/libthai/libthai0/libthai0-0.1.26-1.tar.xz
x86_64/release/libtirpc/
x86_64/release/libtirpc/libtirpc-common/
x86_64/release/libtirpc/libtirpc-common/libtirpc-common-1.0.1-1.tar.xz
x86_64/release/libtirpc/libtirpc-common/libtirpc-common-1.0.2-2.tar.xz
x86_64/release/libtirpc/libtirpc1/
x86_64/release/libtirpc/libtirpc1/libtirpc1-0.3.2-2.tar.xz
x86_64/release/libtirpc/libtirpc3/
x86_64/release/libtirpc/libtirpc3/libtirpc3-1.0.1-1.tar.xz
x86_64/release/libtirpc/libtirpc3/libtirpc3-1.0.2-2.tar.xz
x86_64/release/libtool/
x86_64/release/libtool/libltdl7/
x86_64/release/libtool/libltdl7/libltdl7-2.4.6-4.tar.xz
x86_64/release/libtool/libltdl7/libltdl7-2.4.6-6.tar.xz
x86_64/release/libtxc_dxtn/
x86_64/release/libtxc_dxtn/libtxc_dxtn-1.0.1-2.tar.xz
x86_64/release/libunistring/
x86_64/release/libunistring/libunistring2/
x86_64/release/libunistring/libunistring2/libunistring2-0.9.6-1.tar.xz
x86_64/release/libunistring/libunistring2/libunistring2-0.9.8-1.tar.xz
x86_64/release/libusb-win32/
x86_64/release/libusb-win32/libusb0/
x86_64/release/libusb-win32/libusb0/libusb0-1.2.6.0-2.tar.xz
x86_64/release/libusb1.0/
x86_64/release/libusb1.0/libusb1.0-1.0.21-1.tar.xz
x86_64/release/libwebp/
x86_64/release/libwebp/libwebp5/
x86_64/release/libwebp/libwebp5/libwebp5-0.4.4-1.tar.xz
x86_64/release/libwebp/libwebp7/
x86_64/release/libwebp/libwebp7/libwebp7-0.6.0-1.tar.xz
x86_64/release/libwebp/libwebp7/libwebp7-0.6.1-2.tar.xz
x86_64/release/libxcb/
x86_64/release/libxcb/libxcb-devel/
x86_64/release/libxcb/libxcb-devel/libxcb-devel-1.12-1.tar.xz
x86_64/release/libxcb/libxcb-devel/libxcb-devel-1.12-2.tar.xz
x86_64/release/libxcb/libxcb-dri2_0/
x86_64/release/libxcb/libxcb-dri2_0/libxcb-dri2_0-1.12-2.tar.xz
x86_64/release/libxcb/libxcb-glx-devel/
x86_64/release/libxcb/libxcb-glx-devel/libxcb-glx-devel-1.12-1.tar.xz
x86_64/release/libxcb/libxcb-glx-devel/libxcb-glx-devel-1.12-2.tar.xz
x86_64/release/libxcb/libxcb-glx0/
x86_64/release/libxcb/libxcb-glx0/libxcb-glx0-1.12-1.tar.xz
x86_64/release/libxcb/libxcb-glx0/libxcb-glx0-1.12-2.tar.xz
x86_64/release/libxcb/libxcb-randr0/
x86_64/release/libxcb/libxcb-randr0/libxcb-randr0-1.12-2.tar.xz
x86_64/release/libxcb/libxcb-render-devel/
x86_64/release/libxcb/libxcb-render-devel/libxcb-render-devel-1.12-1.tar.xz
x86_64/release/libxcb/libxcb-render-devel/libxcb-render-devel-1.12-2.tar.xz
x86_64/release/libxcb/libxcb-render0/
x86_64/release/libxcb/libxcb-render0/libxcb-render0-1.12-1.tar.xz
x86_64/release/libxcb/libxcb-render0/libxcb-render0-1.12-2.tar.xz
x86_64/release/libxcb/libxcb-shape0/
x86_64/release/libxcb/libxcb-shape0/libxcb-shape0-1.12-2.tar.xz
x86_64/release/libxcb/libxcb-shm-devel/
x86_64/release/libxcb/libxcb-shm-devel/libxcb-shm-devel-1.12-1.tar.xz
x86_64/release/libxcb/libxcb-shm-devel/libxcb-shm-devel-1.12-2.tar.xz
x86_64/release/libxcb/libxcb-shm0/
x86_64/release/libxcb/libxcb-shm0/libxcb-shm0-1.12-1.tar.xz
x86_64/release/libxcb/libxcb-shm0/libxcb-shm0-1.12-2.tar.xz
x86_64/release/libxcb/libxcb-sync1/
x86_64/release/libxcb/libxcb-sync1/libxcb-sync1-1.12-2.tar.xz
x86_64/release/libxcb/libxcb-xfixes0/
x86_64/release/libxcb/libxcb-xfixes0/libxcb-xfixes0-1.12-2.tar.xz
x86_64/release/libxcb/libxcb-xinerama0/
x86_64/release/libxcb/libxcb-xinerama0/libxcb-xinerama0-1.12-2.tar.xz
x86_64/release/libxcb/libxcb-xkb1/
x86_64/release/libxcb/libxcb-xkb1/libxcb-xkb1-1.12-2.tar.xz
x86_64/release/libxcb/libxcb1/
x86_64/release/libxcb/libxcb1/libxcb1-1.12-1.tar.xz
x86_64/release/libxcb/libxcb1/libxcb1-1.12-2.tar.xz
x86_64/release/libxkbcommon/
x86_64/release/libxkbcommon/libxkbcommon0/
x86_64/release/libxkbcommon/libxkbcommon0/libxkbcommon0-0.8.0-1.tar.xz
x86_64/release/libxml2/
x86_64/release/libxml2/libxml2-2.9.4-2.tar.xz
x86_64/release/libzip/
x86_64/release/libzip/libzip2/
x86_64/release/libzip/libzip2/libzip2-0.11.2-2.tar.xz
x86_64/release/libzip/libzip5/
x86_64/release/libzip/libzip5/libzip5-1.5.1-1.tar.xz
x86_64/release/links/
x86_64/release/links/links-2.12-1.tar.xz
x86_64/release/links/links-2.14-1.tar.xz
x86_64/release/llvm/
x86_64/release/llvm/libllvm3.8/
x86_64/release/llvm/libllvm3.8/libllvm3.8-3.8.1-1.tar.xz
x86_64/release/llvm/libllvm3.9/
x86_64/release/llvm/libllvm3.9/libllvm3.9-3.9.1-1.tar.xz
x86_64/release/llvm/libllvm4.0/
x86_64/release/llvm/libllvm4.0/libllvm4.0-4.0.1-1.tar.xz
x86_64/release/llvm/libllvm5.0/
x86_64/release/llvm/libllvm5.0/libllvm5.0-5.0.1-1.tar.xz
x86_64/release/login/
x86_64/release/login/login-1.11-1.tar.xz
x86_64/release/lua/
x86_64/release/lua/lua-5.2.4-1.tar.xz
x86_64/release/luit/
x86_64/release/luit/luit-20130217-1.tar.xz
x86_64/release/lynx/
x86_64/release/lynx/lynx-2.8.7-2.tar.bz2
x86_64/release/lz4/
x86_64/release/lz4/liblz4_1/
x86_64/release/lz4/liblz4_1/liblz4_1-1.7.5-1.tar.xz
x86_64/release/m4/
x86_64/release/m4/m4-1.4.18-1.tar.xz
x86_64/release/make/
x86_64/release/make/make-4.2.1-2-src.tar.xz
x86_64/release/make/make-4.2.1-2.tar.xz
x86_64/release/makedepend/
x86_64/release/makedepend/makedepend-1.0.5-1-src.tar.bz2
x86_64/release/makepasswd/
x86_64/release/makepasswd/makepasswd-1.10-2-src.tar.bz2
x86_64/release/man-db/
x86_64/release/man-db/man-db-2.7.5-2.tar.xz
x86_64/release/man-db/man-db-2.7.6.1-1.tar.xz
x86_64/release/mesa/
x86_64/release/mesa/dri-drivers/
x86_64/release/mesa/dri-drivers/dri-drivers-17.1.8-1.tar.xz
x86_64/release/mesa/dri-drivers/dri-drivers-18.0.5-1.tar.xz
x86_64/release/mesa/libEGL-devel/
x86_64/release/mesa/libEGL-devel/libEGL-devel-17.1.8-1.tar.xz
x86_64/release/mesa/libEGL-devel/libEGL-devel-18.0.5-1.tar.xz
x86_64/release/mesa/libEGL1/
x86_64/release/mesa/libEGL1/libEGL1-17.1.8-1.tar.xz
x86_64/release/mesa/libEGL1/libEGL1-18.0.5-1.tar.xz
x86_64/release/mesa/libGL-devel/
x86_64/release/mesa/libGL-devel/libGL-devel-17.1.8-1.tar.xz
x86_64/release/mesa/libGL-devel/libGL-devel-18.0.5-1.tar.xz
x86_64/release/mesa/libGL1/
x86_64/release/mesa/libGL1/libGL1-17.1.8-1.tar.xz
x86_64/release/mesa/libGL1/libGL1-18.0.5-1.tar.xz
x86_64/release/mesa/libglapi0/
x86_64/release/mesa/libglapi0/libglapi0-17.1.8-1.tar.xz
x86_64/release/mesa/libglapi0/libglapi0-18.0.5-1.tar.xz
x86_64/release/ming/
x86_64/release/ming/libming1/
x86_64/release/ming/libming1/libming1-0.4.7-2.tar.xz
x86_64/release/ming/libming1/libming1-0.4.8-2.tar.xz
x86_64/release/mingw64-i686-qt4-qmake/
x86_64/release/mingw64-i686-qt4-qmake/mingw64-i686-qt4-qmake-4.8.7-1-src.tar.xz.tmp
x86_64/release/mintty/
x86_64/release/mintty/mintty-2.7.9-0.tar.xz
x86_64/release/mintty/mintty-2.8.5-0.tar.xz
x86_64/release/motif/
x86_64/release/motif/libXm4/
x86_64/release/motif/libXm4/libXm4-2.3.6-1.tar.xz
x86_64/release/mpclib/
x86_64/release/mpclib/libmpc3/
x86_64/release/mpclib/libmpc3/libmpc3-1.0.3-1.tar.xz
x86_64/release/mpclib/libmpc3/libmpc3-1.1.0-1.tar.xz
x86_64/release/mpfr/
x86_64/release/mpfr/libmpfr4/
x86_64/release/mpfr/libmpfr4/libmpfr4-3.1.5-1p10.tar.xz
x86_64/release/mpfr/libmpfr4/libmpfr4-3.1.6-1p1.tar.xz
x86_64/release/mpfr/libmpfr6/
x86_64/release/mpfr/libmpfr6/libmpfr6-4.0.1-3p6.tar.xz
x86_64/release/mysql/
x86_64/release/mysql/mysql-10.1.19-1.tar.xz
x86_64/release/mysql/mysql-10.1.26-1.tar.xz
x86_64/release/mysql/mysql-10.1.30-1.tar.xz
x86_64/release/mysql/libmysqlclient18/
x86_64/release/mysql/libmysqlclient18/libmysqlclient18-10.1.26-1.tar.xz
x86_64/release/mysql/libmysqlclient18/libmysqlclient18-10.1.30-1.tar.xz
x86_64/release/mysql/mysql-common/
x86_64/release/mysql/mysql-common/mysql-common-10.1.26-1.tar.xz
x86_64/release/mysql/mysql-common/mysql-common-10.1.30-1.tar.xz
x86_64/release/mysql/mysql-server/
x86_64/release/mysql/mysql-server/mysql-server-10.1.26-1.tar.xz
x86_64/release/mysql/mysql-server/mysql-server-10.1.30-1.tar.xz
x86_64/release/ncurses/
x86_64/release/ncurses/ncurses-6.0-11.20170617.tar.xz
x86_64/release/ncurses/ncurses-6.0-12.20171125.tar.xz
x86_64/release/ncurses/libncursesw10/
x86_64/release/ncurses/libncursesw10/libncursesw10-6.0-11.20170617.tar.xz
x86_64/release/ncurses/libncursesw10/libncursesw10-6.0-12.20171125.tar.xz
x86_64/release/ncurses/terminfo/
x86_64/release/ncurses/terminfo/terminfo-6.0-11.20170617.tar.xz
x86_64/release/ncurses/terminfo/terminfo-6.0-12.20171125.tar.xz
x86_64/release/nettle/
x86_64/release/nettle/libhogweed2/
x86_64/release/nettle/libhogweed2/libhogweed2-2.7.1-1.tar.xz
x86_64/release/nettle/libhogweed4/
x86_64/release/nettle/libhogweed4/libhogweed4-3.3-1.tar.xz
x86_64/release/nettle/libhogweed4/libhogweed4-3.4-1.tar.xz
x86_64/release/nettle/libnettle4/
x86_64/release/nettle/libnettle4/libnettle4-2.7.1-1.tar.xz
x86_64/release/nettle/libnettle6/
x86_64/release/nettle/libnettle6/libnettle6-3.3-1.tar.xz
x86_64/release/nettle/libnettle6/libnettle6-3.4-1.tar.xz
x86_64/release/nghttp2/
x86_64/release/nghttp2/libnghttp2_14/
x86_64/release/nghttp2/libnghttp2_14/libnghttp2_14-1.23.1-1.tar.xz
x86_64/release/nghttp2/libnghttp2_14/libnghttp2_14-1.31.0-1.tar.xz
x86_64/release/npth/
x86_64/release/npth/libnpth0/
x86_64/release/npth/libnpth0/libnpth0-1.5-1.tar.xz
x86_64/release/nspr/
x86_64/release/nspr/libnspr4/
x86_64/release/nspr/libnspr4/libnspr4-4.14-1.tar.xz
x86_64/release/nss/
x86_64/release/nss/libnss3/
x86_64/release/nss/libnss3/libnss3-3.30.2-1.tar.xz
x86_64/release/odbc-mysql/
x86_64/release/odbc-mysql/odbc-mysql-5.2.5-1.tar.bz2
x86_64/release/openblas/
x86_64/release/openblas/libopenblas/
x86_64/release/openblas/libopenblas/libopenblas-0.2.20-1.tar.xz
x86_64/release/openblas/libopenblas/libopenblas-0.3.0-1.tar.xz
x86_64/release/openjpeg2/
x86_64/release/openjpeg2/libopenjp2_7/
x86_64/release/openjpeg2/libopenjp2_7/libopenjp2_7-2.1.2-1.tar.xz
x86_64/release/openjpeg2/libopenjp2_7/libopenjp2_7-2.3.0-1.tar.xz
x86_64/release/openldap/
x86_64/release/openldap/libopenldap2_4_2/
x86_64/release/openldap/libopenldap2_4_2/libopenldap2_4_2-2.4.42-1.tar.xz
x86_64/release/openssh/
x86_64/release/openssh/openssh-7.5p1-1.tar.xz
x86_64/release/openssh/openssh-7.7p1-1.tar.xz
x86_64/release/openssl/
x86_64/release/openssl/openssl-1.0.2k-1.tar.xz
x86_64/release/openssl/openssl-1.0.2o-1.tar.xz
x86_64/release/openssl/libopenssl100/
x86_64/release/openssl/libopenssl100/libopenssl100-1.0.2k-1.tar.xz
x86_64/release/openssl/libopenssl100/libopenssl100-1.0.2o-1.tar.xz
x86_64/release/p11-kit/
x86_64/release/p11-kit/p11-kit-0.23.10-1.tar.xz
x86_64/release/p11-kit/p11-kit-0.23.5-1.tar.xz
x86_64/release/p11-kit/libp11-kit0/
x86_64/release/p11-kit/libp11-kit0/libp11-kit0-0.23.10-1.tar.xz
x86_64/release/p11-kit/libp11-kit0/libp11-kit0-0.23.5-1.tar.xz
x86_64/release/p11-kit/p11-kit-trust/
x86_64/release/p11-kit/p11-kit-trust/p11-kit-trust-0.23.10-1.tar.xz
x86_64/release/p11-kit/p11-kit-trust/p11-kit-trust-0.23.5-1.tar.xz
x86_64/release/pango1.0/
x86_64/release/pango1.0/libpango1.0_0/
x86_64/release/pango1.0/libpango1.0_0/libpango1.0_0-1.40.14-1.tar.xz
x86_64/release/pango1.0/libpango1.0_0/libpango1.0_0-1.40.6-1.tar.xz
x86_64/release/patch/
x86_64/release/patch/patch-2.7.4-1.tar.xz
x86_64/release/pcre/
x86_64/release/pcre/libpcre-devel/
x86_64/release/pcre/libpcre-devel/libpcre-devel-8.40-3.tar.xz
x86_64/release/pcre/libpcre1/
x86_64/release/pcre/libpcre1/libpcre1-8.40-3.tar.xz
x86_64/release/pcre/libpcre16_0/
x86_64/release/pcre/libpcre16_0/libpcre16_0-8.40-3.tar.xz
x86_64/release/pcre/libpcre32_0/
x86_64/release/pcre/libpcre32_0/libpcre32_0-8.40-3.tar.xz
x86_64/release/pcre/libpcrecpp0/
x86_64/release/pcre/libpcrecpp0/libpcrecpp0-8.40-3.tar.xz
x86_64/release/pcre/libpcreposix0/
x86_64/release/pcre/libpcreposix0/libpcreposix0-8.40-3.tar.xz
x86_64/release/pcre2/
x86_64/release/pcre2/libpcre2_16_0/
x86_64/release/pcre2/libpcre2_16_0/libpcre2_16_0-10.23-2.tar.xz
x86_64/release/perl-Cairo/
x86_64/release/perl-Cairo/perl-Cairo-1.106-1.tar.xz
x86_64/release/perl-Cairo/perl-Cairo-1.106-2.tar.xz
x86_64/release/perl-Class-XSAccessor/
x86_64/release/perl-Class-XSAccessor/perl-Class-XSAccessor-1.19-3.tar.xz
x86_64/release/perl-Class-XSAccessor/perl-Class-XSAccessor-1.19-4.tar.xz
x86_64/release/perl-Crypt-OpenSSL-RSA/
x86_64/release/perl-Crypt-OpenSSL-RSA/perl-Crypt-OpenSSL-RSA-0.28-1.tar.xz
x86_64/release/perl-Crypt-OpenSSL-RSA/perl-Crypt-OpenSSL-RSA-0.30-1.tar.xz
x86_64/release/perl-Crypt-OpenSSL-Random/
x86_64/release/perl-Crypt-OpenSSL-Random/perl-Crypt-OpenSSL-Random-0.11-1.tar.xz
x86_64/release/perl-Crypt-OpenSSL-Random/perl-Crypt-OpenSSL-Random-0.15-1.tar.xz
x86_64/release/perl-DBD-mysql/
x86_64/release/perl-DBD-mysql/perl-DBD-mysql-4.043-1.tar.xz
x86_64/release/perl-DBD-mysql/perl-DBD-mysql-4.046-1.tar.xz
x86_64/release/perl-DBI/
x86_64/release/perl-DBI/perl-DBI-1.637-1.tar.xz
x86_64/release/perl-DBI/perl-DBI-1.641-1.tar.xz
x86_64/release/perl-Digest-SHA/
x86_64/release/perl-Digest-SHA/perl-Digest-SHA-5.96-2.tar.xz
x86_64/release/perl-Digest-SHA/perl-Digest-SHA-6.02-1.tar.xz
x86_64/release/perl-HTML-Parser/
x86_64/release/perl-HTML-Parser/perl-HTML-Parser-3.72-1.tar.xz
x86_64/release/perl-HTML-Parser/perl-HTML-Parser-3.72-2.tar.xz
x86_64/release/perl-JSON-XS/
x86_64/release/perl-JSON-XS/perl-JSON-XS-3.04-1.tar.xz
x86_64/release/perl-JSON-XS/perl-JSON-XS-3.04-2.tar.xz
x86_64/release/perl-Proc-ProcessTable/
x86_64/release/perl-Proc-ProcessTable/perl-Proc-ProcessTable-0.55-1.tar.xz
x86_64/release/perl-Scalar-List-Utils/
x86_64/release/perl-Scalar-List-Utils/perl-Scalar-List-Utils-1.48-1.tar.xz
x86_64/release/perl-Scalar-List-Utils/perl-Scalar-List-Utils-1.50-1.tar.xz
x86_64/release/perl-Socket/
x86_64/release/perl-Socket/perl-Socket-2.024-2.tar.xz
x86_64/release/perl-Socket/perl-Socket-2.027-1.tar.xz
x86_64/release/perl-TermReadKey/
x86_64/release/perl-TermReadKey/perl-TermReadKey-2.37-1.tar.xz
x86_64/release/perl-TermReadKey/perl-TermReadKey-2.37-2.tar.xz
x86_64/release/perl-Tk/
x86_64/release/perl-Tk/perl-Tk-804.033-1.tar.xz
x86_64/release/perl-Tk/perl-Tk-804.034-1.tar.xz
x86_64/release/perl-Unicode-Normalize/
x86_64/release/perl-Unicode-Normalize/perl-Unicode-Normalize-1.25-1.tar.xz
x86_64/release/perl-Unicode-Normalize/perl-Unicode-Normalize-1.25-2.tar.xz
x86_64/release/perl-WWW-Curl/
x86_64/release/perl-WWW-Curl/perl-WWW-Curl-4.17-2.tar.xz
x86_64/release/perl-WWW-Curl/perl-WWW-Curl-4.17-3.tar.xz
x86_64/release/perl-XML-Parser/
x86_64/release/perl-XML-Parser/perl-XML-Parser-2.44-2.tar.xz
x86_64/release/perl-XML-Parser/perl-XML-Parser-2.44-3.tar.xz
x86_64/release/perl-common-sense/
x86_64/release/perl-common-sense/perl-common-sense-3.74-1.tar.xz
x86_64/release/perl-common-sense/perl-common-sense-3.74-2.tar.xz
x86_64/release/perl/
x86_64/release/perl/perl-5.22.4-1.tar.xz
x86_64/release/perl/perl-5.26.2-1.tar.xz
x86_64/release/perl/perl_autorebase/
x86_64/release/perl/perl_autorebase/perl_autorebase-5.22.4-1.tar.xz
x86_64/release/perl/perl_autorebase/perl_autorebase-5.26.2-1.tar.xz
x86_64/release/perl/perl_base/
x86_64/release/perl/perl_base/perl_base-5.22.4-1.tar.xz
x86_64/release/perl/perl_base/perl_base-5.26.2-1.tar.xz
x86_64/release/perl/perl_manpages/
x86_64/release/perl/perl_manpages/perl_manpages-5.22.4-1.tar.xz
x86_64/release/perl/perl_manpages/perl_manpages-5.26.2-1.tar.xz
x86_64/release/pinentry/
x86_64/release/pinentry/pinentry-1.0.0-2.tar.xz
x86_64/release/pixman/
x86_64/release/pixman/libpixman1-devel/
x86_64/release/pixman/libpixman1-devel/libpixman1-devel-0.34.0-1.tar.xz
x86_64/release/pixman/libpixman1_0/
x86_64/release/pixman/libpixman1_0/libpixman1_0-0.34.0-1.tar.xz
x86_64/release/pkg-config/
x86_64/release/pkg-config/pkg-config-0.29.1-1.tar.xz
x86_64/release/plotutils/
x86_64/release/plotutils/libplotter2/
x86_64/release/plotutils/libplotter2/libplotter2-2.6-5.tar.xz
x86_64/release/poppler/
x86_64/release/poppler/libpoppler66/
x86_64/release/poppler/libpoppler66/libpoppler66-0.52.0-1.tar.xz
x86_64/release/poppler/libpoppler66/libpoppler66-0.52.0-2.tar.xz
x86_64/release/poppler/libpoppler73/
x86_64/release/poppler/libpoppler73/libpoppler73-0.62.0-1.tar.xz
x86_64/release/popt/
x86_64/release/popt/libpopt-common/
x86_64/release/popt/libpopt-common/libpopt-common-1.16-2.tar.xz
x86_64/release/popt/libpopt0/
x86_64/release/popt/libpopt0/libpopt0-1.16-2.tar.xz
x86_64/release/potrace/
x86_64/release/potrace/libpotrace0/
x86_64/release/potrace/libpotrace0/libpotrace0-1.14-1.tar.xz
x86_64/release/potrace/libpotrace0/libpotrace0-1.15-1.tar.xz
x86_64/release/pstoedit/
x86_64/release/pstoedit/libpstoedit0/
x86_64/release/pstoedit/libpstoedit0/libpstoedit0-3.70-2.tar.xz
x86_64/release/pstoedit/libpstoedit0/libpstoedit0-3.71-2.tar.xz
x86_64/release/python-cairo/
x86_64/release/python-cairo/python2-cairo-devel/
x86_64/release/python-cairo/python2-cairo-devel/python2-cairo-devel-1.12.0-1.tar.xz
x86_64/release/python-cairo/python2-cairo/
x86_64/release/python-cairo/python2-cairo/python2-cairo-1.12.0-1.tar.xz
x86_64/release/python-cairo/python3-cairo-devel/
x86_64/release/python-cairo/python3-cairo-devel/python3-cairo-devel-1.12.0-1.tar.xz
x86_64/release/python-cairo/python3-cairo/
x86_64/release/python-cairo/python3-cairo/python3-cairo-1.12.0-1.tar.xz
x86_64/release/python-cffi/
x86_64/release/python-cffi/python2-cffi/
x86_64/release/python-cffi/python2-cffi/python2-cffi-1.9.1-1.tar.xz
x86_64/release/python-cffi/python3-cffi/
x86_64/release/python-cffi/python3-cffi/python3-cffi-1.9.1-1.tar.xz
x86_64/release/python-cryptography/
x86_64/release/python-cryptography/python2-cryptography/
x86_64/release/python-cryptography/python2-cryptography/python2-cryptography-1.8.1-1.tar.xz
x86_64/release/python-cryptography/python3-cryptography/
x86_64/release/python-cryptography/python3-cryptography/python3-cryptography-1.8.1-1.tar.xz
x86_64/release/python2/
x86_64/release/python2/python2-2.7.13-1.tar.xz
x86_64/release/python2/python2-2.7.14-1.tar.xz
x86_64/release/python2/python/
x86_64/release/python2/python/python-2.7.13-1.tar.xz
x86_64/release/python2/python/python-2.7.14-1.tar.xz
x86_64/release/python2/python2-devel/
x86_64/release/python2/python2-devel/python2-devel-2.7.13-1.tar.xz
x86_64/release/python2/python2-devel/python2-devel-2.7.14-1.tar.xz
x86_64/release/python3/
x86_64/release/python3/python3-3.6.1-1.tar.xz
x86_64/release/python3/python3-3.6.4-1.tar.xz
x86_64/release/python3/python3-devel/
x86_64/release/python3/python3-devel/python3-devel-3.6.1-1.tar.xz
x86_64/release/python3/python3-devel/python3-devel-3.6.4-1.tar.xz
x86_64/release/qt5-base/
x86_64/release/qt5-base/libQt5Core5/
x86_64/release/qt5-base/libQt5Core5/libQt5Core5-5.9.4-2.tar.xz
x86_64/release/qt5-base/libQt5Gui5/
x86_64/release/qt5-base/libQt5Gui5/libQt5Gui5-5.9.4-2.tar.xz
x86_64/release/qt5-svg/
x86_64/release/qt5-svg/libQt5Svg5/
x86_64/release/qt5-svg/libQt5Svg5/libQt5Svg5-5.9.4-1.tar.xz
x86_64/release/readline/
x86_64/release/readline/libreadline7/
x86_64/release/readline/libreadline7/libreadline7-7.0.3-3.tar.xz
x86_64/release/rebase/
x86_64/release/rebase/rebase-4.4.2-1.tar.xz
x86_64/release/rebase/rebase-4.4.4-1.tar.xz
x86_64/release/rgb/
x86_64/release/rgb/rgb-1.0.5-1.tar.bz2
x86_64/release/rsync/
x86_64/release/rsync/rsync-3.1.2-1.tar.xz
x86_64/release/run/
x86_64/release/run/run-1.3.4-2.tar.xz
x86_64/release/s2tc/
x86_64/release/s2tc/libtxc_dxtn/
x86_64/release/s2tc/libtxc_dxtn/libtxc_dxtn-1.0-1.20151227gitf6ec862.tar.xz
x86_64/release/screen/
x86_64/release/screen/screen-4.6.1-1.tar.xz
x86_64/release/screen/screen-4.6.2-1.tar.xz
x86_64/release/sed/
x86_64/release/sed/sed-4.4-1.tar.xz
x86_64/release/shared-mime-info/
x86_64/release/shared-mime-info/shared-mime-info-1.8-1.tar.xz
x86_64/release/sqlite3/
x86_64/release/sqlite3/libsqlite3_0/
x86_64/release/sqlite3/libsqlite3_0/libsqlite3_0-3.19.3-1.tar.xz
x86_64/release/sqlite3/libsqlite3_0/libsqlite3_0-3.21.0-1.tar.xz
x86_64/release/tar/
x86_64/release/tar/tar-1.29-1.tar.xz
x86_64/release/tcl-tk/
x86_64/release/tcl-tk/tcl-tk-8.6.6-1.tar.xz
x86_64/release/tcl-tk/tcl-tk-8.6.8-1.tar.xz
x86_64/release/tcl/
x86_64/release/tcl/tcl-8.6.6-1.tar.xz
x86_64/release/tcl/tcl-8.6.8-1.tar.xz
x86_64/release/tcp_wrappers/
x86_64/release/tcp_wrappers/libwrap0/
x86_64/release/tcp_wrappers/libwrap0/libwrap0-7.6-22.tar.xz
x86_64/release/teckit/
x86_64/release/teckit/libteckit0/
x86_64/release/teckit/libteckit0/libteckit0-2.5.6-1.tar.xz
x86_64/release/teckit/libteckit0/libteckit0-2.5.7-1.tar.xz
x86_64/release/texinfo/
x86_64/release/texinfo/texinfo-6.4-1.tar.xz
x86_64/release/texinfo/texinfo-6.5-2.tar.xz
x86_64/release/texinfo/info/
x86_64/release/texinfo/info/info-6.4-1.tar.xz
x86_64/release/texinfo/info/info-6.5-2.tar.xz
x86_64/release/texlive/
x86_64/release/texlive/texlive-20170520-3.tar.xz
x86_64/release/texlive/texlive-20180506-1.tar.xz
x86_64/release/texlive/libkpathsea6/
x86_64/release/texlive/libkpathsea6/libkpathsea6-20170520-3.tar.xz
x86_64/release/texlive/libkpathsea6/libkpathsea6-20180506-1.tar.xz
x86_64/release/texlive/libptexenc1/
x86_64/release/texlive/libptexenc1/libptexenc1-20170520-3.tar.xz
x86_64/release/texlive/libptexenc1/libptexenc1-20180506-1.tar.xz
x86_64/release/texlive/libsynctex1/
x86_64/release/texlive/libsynctex1/libsynctex1-20170520-3.tar.xz
x86_64/release/texlive/libsynctex1/libsynctex1-20180506-1.tar.xz
x86_64/release/texlive/libtexlua52_5/
x86_64/release/texlive/libtexlua52_5/libtexlua52_5-20170520-3.tar.xz
x86_64/release/texlive/libtexlua52_5/libtexlua52_5-20180506-1.tar.xz
x86_64/release/texlive/libtexlua53_5/
x86_64/release/texlive/libtexlua53_5/libtexlua53_5-20180506-1.tar.xz
x86_64/release/texlive/libtexluajit2/
x86_64/release/texlive/libtexluajit2/libtexluajit2-20170520-3.tar.xz
x86_64/release/texlive/libtexluajit2/libtexluajit2-20180506-1.tar.xz
x86_64/release/tiff/
x86_64/release/tiff/libtiff6/
x86_64/release/tiff/libtiff6/libtiff6-4.0.7-1.tar.xz
x86_64/release/tiff/libtiff6/libtiff6-4.0.9-1.tar.xz
x86_64/release/tmux/
x86_64/release/tmux/tmux-2.4-1.tar.xz
x86_64/release/tmux/tmux-2.6-1.tar.xz
x86_64/release/tzcode/
x86_64/release/tzcode/tzcode-2016j-1.tar.xz
x86_64/release/tzcode/tzcode-2018e-1.tar.xz
x86_64/release/util-linux/
x86_64/release/util-linux/util-linux-2.25.2-2.tar.xz
x86_64/release/util-linux/libblkid1/
x86_64/release/util-linux/libblkid1/libblkid1-2.25.2-2.tar.xz
x86_64/release/util-linux/libsmartcols1/
x86_64/release/util-linux/libsmartcols1/libsmartcols1-2.25.2-2.tar.xz
x86_64/release/util-linux/libuuid-devel/
x86_64/release/util-linux/libuuid-devel/libuuid-devel-2.25.2-2.tar.xz
x86_64/release/util-linux/libuuid1/
x86_64/release/util-linux/libuuid1/libuuid1-2.25.2-2.tar.xz
x86_64/release/vim/
x86_64/release/vim/vim-8.0.1052-1.tar.xz
x86_64/release/vim/vim-8.0.1567-1.tar.xz
x86_64/release/vim/gvim/
x86_64/release/vim/gvim/gvim-8.0.1052-1.tar.xz
x86_64/release/vim/gvim/gvim-8.0.1567-1.tar.xz
x86_64/release/vim/vim-common/
x86_64/release/vim/vim-common/vim-common-8.0.1052-1.tar.xz
x86_64/release/vim/vim-common/vim-common-8.0.1567-1.tar.xz
x86_64/release/vim/vim-minimal/
x86_64/release/vim/vim-minimal/vim-minimal-8.0.1052-1.tar.xz
x86_64/release/vim/vim-minimal/vim-minimal-8.0.1567-1.tar.xz
x86_64/release/vim/xxd/
x86_64/release/vim/xxd/xxd-8.0.1052-1.tar.xz
x86_64/release/vim/xxd/xxd-8.0.1567-1.tar.xz
x86_64/release/w32api-headers/
x86_64/release/w32api-headers/w32api-headers-5.0.2-1.tar.xz
x86_64/release/w32api-headers/w32api-headers-5.0.4-1.tar.xz
x86_64/release/w32api-runtime/
x86_64/release/w32api-runtime/w32api-runtime-5.0.2-1.tar.xz
x86_64/release/w32api-runtime/w32api-runtime-5.0.4-1.tar.xz
x86_64/release/wget/
x86_64/release/wget/wget-1.19.1-2.tar.xz
x86_64/release/which/
x86_64/release/which/which-2.20-2.tar.bz2
x86_64/release/windows-default-manifest/
x86_64/release/windows-default-manifest/windows-default-manifest-6.4-1.tar.xz
x86_64/release/xcb-util-image/
x86_64/release/xcb-util-image/libxcb-image0/
x86_64/release/xcb-util-image/libxcb-image0/libxcb-image0-0.3.9-1.tar.bz2
x86_64/release/xcb-util-keysyms/
x86_64/release/xcb-util-keysyms/libxcb-keysyms1/
x86_64/release/xcb-util-keysyms/libxcb-keysyms1/libxcb-keysyms1-0.3.9-1.tar.bz2
x86_64/release/xcb-util-renderutil/
x86_64/release/xcb-util-renderutil/libxcb-render-util0/
x86_64/release/xcb-util-renderutil/libxcb-render-util0/libxcb-render-util0-0.3.9-1.tar.xz
x86_64/release/xcb-util-wm/
x86_64/release/xcb-util-wm/libxcb-icccm4/
x86_64/release/xcb-util-wm/libxcb-icccm4/libxcb-icccm4-0.4.1-1.tar.xz
x86_64/release/xcb-util/
x86_64/release/xcb-util/libxcb-util1/
x86_64/release/xcb-util/libxcb-util1/libxcb-util1-0.3.9-1.tar.bz2
x86_64/release/xpdf/
x86_64/release/xpdf/xpdf-3.04-1.tar.xz
x86_64/release/xpdf/xpdf-4.00-2.tar.xz
x86_64/release/xterm/
x86_64/release/xterm/xterm-330-1.tar.xz
x86_64/release/xz/
x86_64/release/xz/xz-5.2.3-1.tar.xz
x86_64/release/xz/liblzma5/
x86_64/release/xz/liblzma5/liblzma5-5.2.3-1.tar.xz
x86_64/release/zlib/
x86_64/release/zlib/zlib-devel/
x86_64/release/zlib/zlib-devel/zlib-devel-1.2.11-1.tar.xz
x86_64/release/zlib/zlib0/
x86_64/release/zlib/zlib0/zlib0-1.2.11-1.tar.xz
x86_64/release/zziplib/
x86_64/release/zziplib/libzzip0.13/
x86_64/release/zziplib/libzzip0.13/libzzip0.13-0.13.62-1.tar.bz2
x86_64/release/zziplib/libzzip0.13/libzzip0.13-0.13.68-1.tar.xz

sent 828,149,125 bytes  received 18,883 bytes  44,765,838.27 bytes/sec
total size is 827,864,362  speedup is 1.00
